[2026-04-06 22:36:07] === LOOP STARTING ===
[2026-04-06 22:36:07] Working directory: /home/user/go/src/github.com/opd-ai/toxcore-testnet
[2026-04-06 22:36:07] Prompt directory:  /home/user/go/src/github.com/opd-ai/go-stats-generator/prompts
[2026-04-06 22:36:07] Max iterations:    50
[2026-04-06 22:36:07] --- Initialization ---
[2026-04-06 22:36:07] AUDIT.md not found — delegating BASE_AUDIT.md...
[2026-04-06 22:36:07] Delegating: BASE_AUDIT.md
[2026-04-06 22:46:28] Delegation complete: BASE_AUDIT.md (exit code: 141)
[2026-04-06 22:46:28] AUDIT.md created successfully.
[2026-04-06 22:46:28] PLAN.md not found — delegating MAKE_PLAN.md...
[2026-04-06 22:46:28] Delegating: MAKE_PLAN.md
[2026-04-06 22:50:13] Delegation complete: MAKE_PLAN.md (exit code: 141)
[2026-04-06 22:50:13] PLAN.md created successfully.
[2026-04-06 22:50:13] --- Entering main loop (max 50 iterations) ---
[2026-04-06 22:50:13] 
[2026-04-06 22:50:13] === Iteration 1 / 50 ===
[2026-04-06 22:50:13] Step A: Executing next task...
[2026-04-06 22:50:13] Delegating: EXECUTE.md
[2026-04-07 05:51:38] === LOOP STARTING ===
[2026-04-07 05:51:38] Working directory: /home/user/go/src/github.com/opd-ai/toxcore-testnet
[2026-04-07 05:51:38] Prompt directory:  /home/user/go/src/github.com/opd-ai/go-stats-generator/prompts
[2026-04-07 05:51:38] Max iterations:    50
[2026-04-07 05:51:38] --- Initialization ---
[2026-04-07 05:51:38] AUDIT.md not found — delegating BASE_AUDIT.md...
[2026-04-07 05:51:38] Delegating: BASE_AUDIT.md
[2026-04-07 05:57:35] Delegation complete: BASE_AUDIT.md (exit code: 141)
[2026-04-07 05:57:35] AUDIT.md created successfully.
[2026-04-07 05:57:35] PLAN.md already exists — skipping MAKE_PLAN.md.
[2026-04-07 05:57:35] --- Entering main loop (max 50 iterations) ---
[2026-04-07 05:57:35] 
[2026-04-07 05:57:35] === Iteration 1 / 50 ===
[2026-04-07 05:57:35] Step A: Executing next task...
[2026-04-07 05:57:35] Delegating: EXECUTE.md
[2026-04-07 06:06:13] Delegation complete: EXECUTE.md (exit code: 141)
[2026-04-07 06:06:13] WARNING: EXECUTE.md delegation returned non-zero.
[2026-04-07 06:06:13] Step B: Running tests...
[2026-04-07 06:06:13] Running tests...
[2026-04-07 06:06:15] Tests PASSED
[2026-04-07 06:06:15] [iteration 1] executed EXECUTE.md — tests: PASS
[2026-04-07 06:06:15] Backlog is empty (AUDIT.md and PLAN.md absent/empty).
[2026-04-07 06:06:15] Running tests...
[2026-04-07 06:06:16] Tests PASSED
[2026-04-07 06:06:16] 
[2026-04-07 06:06:16] === LOOP COMPLETE ===
[2026-04-07 06:06:16] Iterations: 1
[2026-04-07 06:06:16] Tasks executed: 1
[2026-04-07 06:06:16] Test failures encountered: 0
[2026-04-07 06:06:16] Final test status: PASS
[2026-04-07 07:58:37] === LOOP STARTING ===
[2026-04-07 07:58:37] Working directory: /home/user/go/src/github.com/opd-ai/toxcore-testnet
[2026-04-07 07:58:37] Prompt directory:  /home/user/go/src/github.com/opd-ai/go-stats-generator/prompts
[2026-04-07 07:58:37] Max iterations:    50
[2026-04-07 07:58:37] --- Initialization ---
[2026-04-07 07:58:37] AUDIT.md not found — delegating BASE_AUDIT.md...
[2026-04-07 07:58:37] Delegating: BASE_AUDIT.md
[2026-04-07 08:03:00] Delegation complete: BASE_AUDIT.md (exit code: 141)
[2026-04-07 08:03:00] AUDIT.md created successfully.
[2026-04-07 08:03:00] PLAN.md not found — delegating MAKE_PLAN.md...
[2026-04-07 08:03:00] Delegating: MAKE_PLAN.md
[2026-04-07 08:05:48] Delegation complete: MAKE_PLAN.md (exit code: 141)
[2026-04-07 08:05:48] PLAN.md created successfully.
[2026-04-07 08:05:48] --- Entering main loop (max 50 iterations) ---
[2026-04-07 08:05:48] 
[2026-04-07 08:05:48] === Iteration 1 / 50 ===
[2026-04-07 08:05:48] Step A: Executing next task...
[2026-04-07 08:05:48] Delegating: EXECUTE.md
[2026-04-07 08:18:21] Delegation complete: EXECUTE.md (exit code: 141)
[2026-04-07 08:18:21] WARNING: EXECUTE.md delegation returned non-zero.
[2026-04-07 08:18:21] Step B: Running tests...
[2026-04-07 08:18:21] Running tests...
[2026-04-07 08:18:23] Tests PASSED
[2026-04-07 08:18:23] [iteration 1] executed EXECUTE.md — tests: PASS
[2026-04-07 08:18:23] Backlog is empty (AUDIT.md and PLAN.md absent/empty).
[2026-04-07 08:18:23] Running tests...
[2026-04-07 08:18:24] Tests PASSED
[2026-04-07 08:18:24] 
[2026-04-07 08:18:24] === LOOP COMPLETE ===
[2026-04-07 08:18:24] Iterations: 1
[2026-04-07 08:18:24] Tasks executed: 1
[2026-04-07 08:18:24] Test failures encountered: 0
[2026-04-07 08:18:24] Final test status: PASS
